/usr/local/opt/rbenv/versions/2.1.5/bin/ruby -r ./siteconf20150821-1384-10evuf4.rb extconf.rb
checking for ffi_call() in -lffi... yes
checking for ffi_prep_closure()... yes
checking for ffi_raw_call()... yes
checking for ffi_prep_raw_closure()... yes
checking for rb_thread_blocking_region()... yes
checking for rb_thread_call_with_gvl()... yes
checking for rb_thread_call_without_gvl()... yes
checking for ffi_prep_cif_var()... yes
creating extconf.h
creating Makefile

make "DESTDIR=" clean

make "DESTDIR="
compiling StructByReference.c
compiling LongDouble.c
compiling MappedType.c
compiling ArrayType.c
compiling FunctionInfo.c
compiling LastError.c
compiling DataConverter.c
compiling Variadic.c
compiling ClosurePool.c
compiling Platform.c
compiling Pointer.c
compiling DynamicLibrary.c
compiling Thread.c
compiling ffi.c
compiling Call.c
compiling StructLayout.c
compiling MethodHandle.c
compiling Function.c
compiling StructByValue.c
compiling AbstractMemory.c
compiling MemoryPointer.c
compiling Buffer.c
compiling Struct.c
compiling Type.c
compiling Types.c
linking shared-object ffi_c.so

make "DESTDIR=" install
/usr/bin/install -c -m 0755 ffi_c.so ./.gem.20150821-1384-1k36di1
installing default ffi_c libraries
